{
  "RSpec": {
    "coverage": {
      "/Users/agniwirabuana/Documents/projects/sleepsocial/sleepsocial/spec/services/leaderboard_service/backfill_feed_by_user_spec.rb": {
        "lines": [
          1,
          1,
          null,
          1,
          11,
          11,
          11,
          null,
          null,
          11,
          null,
          11,
          11,
          null,
          1,
          10,
          null,
          null,
          10,
          10,
          null,
          null,
          10,
          null,
          null,
          10,
          null,
          null,
          null,
          null,
          10,
          10,
          null,
          null,
          10,
          10,
          10,
          null,
          null,
          1,
          10,
          null,
          null,
          1,
          1,
          null,
          6,
          6,
          6,
          6,
          null,
          1,
          null,
          null,
          5,
          null,
          null,
          5,
          20,
          null,
          null,
          null,
          5,
          null,
          null,
          null,
          1,
          1,
          null,
          1,
          1,
          null,
          1,
          null,
          null,
          1,
          1,
          null,
          1,
          1,
          null,
          null,
          1,
          1,
          null,
          1,
          null,
          null,
          1,
          1,
          null,
          1,
          null,
          null,
          1,
          1,
          1,
          null,
          null,
          null,
          1,
          1,
          4,
          null,
          null,
          1,
          1,
          1,
          null,
          null,
          1,
          1,
          1,
          null,
          null,
          1,
          1,
          1,
          null,
          null,
          1,
          1,
          null,
          null,
          null,
          1,
          1,
          1,
          null,
          null,
          1,
          1,
          1,
          null,
          null,
          null,
          null
        ]
      },
      "/Users/agniwirabuana/Documents/projects/sleepsocial/sleepsocial/spec/rails_helper.rb": {
        "lines": [
          null,
          1,
          1,
          1,
          null,
          1,
          null,
          null,
          null,
          1,
          null,
          null,
          null,
          null,
          null,
          null,
          null,
          null,
          null,
          null,
          null,
          null,
          null,
          null,
          null,
          null,
          null,
          null,
          null,
          null,
          null,
          null,
          1,
          null,
          0,
          null,
          1,
          null,
          1,
          null,
          null,
          null,
          null,
          null,
          null,
          1,
          null,
          null,
          null,
          null,
          null,
          null,
          null,
          null,
          null,
          null,
          null,
          null,
          null,
          null,
          null,
          null,
          null,
          null,
          null,
          null,
          null,
          null,
          1,
          null,
          null,
          null,
          1,
          null,
          null,
          1,
          1,
          1,
          1,
          null,
          null
        ]
      },
      "/Users/agniwirabuana/Documents/projects/sleepsocial/sleepsocial/lib/exceptions.rb": {
        "lines": [
          null,
          null,
          1,
          1,
          1,
          1,
          null
        ]
      },
      "/Users/agniwirabuana/Documents/projects/sleepsocial/sleepsocial/spec/factories/follow.rb": {
        "lines": [
          1,
          1,
          1,
          1,
          null,
          null
        ]
      },
      "/Users/agniwirabuana/Documents/projects/sleepsocial/sleepsocial/spec/factories/sleep_log.rb": {
        "lines": [
          1,
          1,
          1,
          1,
          1,
          null,
          1,
          1,
          1,
          null,
          null,
          1,
          1,
          null,
          null,
          1,
          1,
          1,
          null,
          null,
          1,
          1,
          1,
          null,
          null,
          null
        ]
      },
      "/Users/agniwirabuana/Documents/projects/sleepsocial/sleepsocial/spec/factories/user.rb": {
        "lines": [
          1,
          1,
          21,
          21,
          21,
          null,
          null
        ]
      },
      "/Users/agniwirabuana/Documents/projects/sleepsocial/sleepsocial/app/services/leaderboard_service.rb": {
        "lines": [
          1,
          1,
          null,
          1,
          null,
          1,
          1,
          1,
          1,
          1,
          null
        ]
      },
      "/Users/agniwirabuana/Documents/projects/sleepsocial/sleepsocial/app/services/base_service.rb": {
        "lines": [
          null,
          null,
          1,
          1,
          null,
          1,
          0,
          null,
          null
        ]
      },
      "/Users/agniwirabuana/Documents/projects/sleepsocial/sleepsocial/app/services/leaderboard_service/backfill_feed_by_user.rb": {
        "lines": [
          1,
          1,
          1,
          10,
          10,
          null,
          null,
          1,
          null,
          10,
          10,
          null,
          6,
          null,
          6,
          6,
          null,
          15,
          null,
          10,
          null,
          null,
          null,
          null,
          null
        ]
      },
      "/Users/agniwirabuana/Documents/projects/sleepsocial/sleepsocial/app/services/leaderboard_service/base.rb": {
        "lines": [
          1,
          1,
          1,
          0,
          null,
          null,
          null
        ]
      },
      "/Users/agniwirabuana/Documents/projects/sleepsocial/sleepsocial/app/models/user.rb": {
        "lines": [
          1,
          1,
          1,
          null,
          1,
          1,
          null
        ]
      },
      "/Users/agniwirabuana/Documents/projects/sleepsocial/sleepsocial/app/models/application_record.rb": {
        "lines": [
          1,
          1,
          null
        ]
      },
      "/Users/agniwirabuana/Documents/projects/sleepsocial/sleepsocial/app/models/concerns/user_relationship.rb": {
        "lines": [
          null,
          null,
          1,
          1,
          null,
          1,
          1,
          1,
          1,
          1,
          null,
          null
        ]
      },
      "/Users/agniwirabuana/Documents/projects/sleepsocial/sleepsocial/app/models/user_feed.rb": {
        "lines": [
          1,
          1,
          null,
          1,
          1,
          null,
          1,
          0,
          0,
          0,
          null,
          null,
          null,
          1,
          0,
          null,
          null,
          1,
          0,
          0,
          0,
          null,
          null,
          1,
          0,
          null,
          null,
          1,
          0,
          null,
          null,
          1,
          0,
          0,
          null,
          0,
          null,
          null,
          1,
          0,
          0,
          null,
          0,
          null,
          null,
          1,
          null,
          1,
          0,
          null,
          null,
          1,
          0,
          0,
          null,
          0,
          null,
          null,
          1,
          0,
          null,
          null,
          1,
          0,
          null,
          null
        ]
      },
      "/Users/agniwirabuana/Documents/projects/sleepsocial/sleepsocial/app/models/follow.rb": {
        "lines": [
          1,
          1,
          1,
          null,
          1,
          null,
          1,
          null,
          1,
          0,
          0,
          null,
          null,
          null
        ]
      },
      "/Users/agniwirabuana/Documents/projects/sleepsocial/sleepsocial/app/models/sleep_log.rb": {
        "lines": [
          1,
          1,
          null,
          1,
          1,
          null,
          1,
          null,
          1,
          20,
          0,
          null,
          null,
          null,
          1,
          0,
          null,
          0,
          null,
          null
        ]
      }
    },
    "timestamp": 1750862936
  }
}
