{
  "RSpec": {
    "coverage": {
      "/Users/agniwirabuana/Documents/projects/sleepsocial/sleepsocial/spec/models/event/backfill_feed_by_user_spec.rb": {
        "lines": [
          1,
          null,
          1,
          5,
          5,
          5,
          null,
          1,
          1,
          1,
          null,
          null,
          1,
          1,
          null,
          null,
          1,
          1,
          null,
          null,
          1,
          null,
          1,
          null,
          null,
          1,
          null,
          null
        ]
      },
      "/Users/agniwirabuana/Documents/projects/sleepsocial/sleepsocial/spec/rails_helper.rb": {
        "lines": [
          null,
          1,
          1,
          1,
          null,
          1,
          null,
          null,
          null,
          1,
          null,
          null,
          null,
          null,
          null,
          null,
          null,
          null,
          null,
          null,
          null,
          null,
          null,
          null,
          null,
          null,
          null,
          null,
          null,
          null,
          null,
          null,
          1,
          null,
          0,
          null,
          1,
          null,
          1,
          null,
          null,
          null,
          null,
          null,
          null,
          1,
          null,
          null,
          null,
          null,
          null,
          null,
          null,
          null,
          null,
          null,
          null,
          null,
          null,
          null,
          null,
          null,
          null,
          null,
          null,
          null,
          null,
          null,
          1,
          null,
          null,
          null,
          1,
          null,
          null,
          1,
          1,
          1,
          1,
          null,
          null,
          null,
          1,
          14,
          14,
          14,
          14,
          null,
          null
        ]
      },
      "/Users/agniwirabuana/Documents/projects/sleepsocial/sleepsocial/lib/exceptions.rb": {
        "lines": [
          null,
          null,
          1,
          1,
          1,
          1,
          null
        ]
      },
      "/Users/agniwirabuana/Documents/projects/sleepsocial/sleepsocial/spec/factories/follow.rb": {
        "lines": [
          1,
          1,
          1,
          1,
          null,
          null
        ]
      },
      "/Users/agniwirabuana/Documents/projects/sleepsocial/sleepsocial/spec/factories/sleep_log.rb": {
        "lines": [
          1,
          1,
          1,
          35,
          4,
          163,
          163,
          null,
          1,
          2,
          2,
          null,
          null,
          1,
          2,
          null,
          null,
          1,
          2,
          2,
          null,
          null,
          1,
          2,
          2,
          null,
          null,
          null
        ]
      },
      "/Users/agniwirabuana/Documents/projects/sleepsocial/sleepsocial/spec/factories/user.rb": {
        "lines": [
          1,
          1,
          430,
          437,
          437,
          null,
          null
        ]
      },
      "/Users/agniwirabuana/Documents/projects/sleepsocial/sleepsocial/app/models/event/backfill_feed_by_user.rb": {
        "lines": [
          1,
          1,
          12,
          12,
          null,
          null,
          1,
          9,
          null,
          null,
          1,
          9,
          null,
          null,
          1,
          null,
          9,
          null,
          null,
          null,
          null
        ]
      },
      "/Users/agniwirabuana/Documents/projects/sleepsocial/sleepsocial/app/models/event/base.rb": {
        "lines": [
          1,
          1,
          0,
          null,
          null,
          1,
          0,
          null,
          null,
          1,
          0,
          null,
          null,
          1,
          null,
          8,
          null,
          null,
          null,
          null
        ]
      },
      "/Users/agniwirabuana/Documents/projects/sleepsocial/sleepsocial/spec/models/event/follow_spec.rb": {
        "lines": [
          1,
          null,
          1,
          5,
          5,
          5,
          null,
          1,
          1,
          1,
          null,
          null,
          1,
          1,
          null,
          null,
          1,
          1,
          null,
          null,
          1,
          null,
          1,
          null,
          null,
          1,
          null,
          null
        ]
      },
      "/Users/agniwirabuana/Documents/projects/sleepsocial/sleepsocial/app/models/event/follow.rb": {
        "lines": [
          1,
          1,
          4,
          4,
          null,
          null,
          1,
          1,
          null,
          null,
          1,
          1,
          null,
          null,
          1,
          null,
          1,
          null,
          null,
          null,
          null
        ]
      },
      "/Users/agniwirabuana/Documents/projects/sleepsocial/sleepsocial/spec/models/event/insert_log_to_feed_spec.rb": {
        "lines": [
          1,
          null,
          1,
          5,
          5,
          5,
          null,
          1,
          1,
          1,
          null,
          null,
          1,
          1,
          null,
          null,
          1,
          1,
          null,
          null,
          1,
          null,
          1,
          null,
          null,
          1,
          null,
          null
        ]
      },
      "/Users/agniwirabuana/Documents/projects/sleepsocial/sleepsocial/app/models/event/insert_log_to_feed.rb": {
        "lines": [
          1,
          1,
          4,
          4,
          null,
          null,
          1,
          1,
          null,
          null,
          1,
          1,
          null,
          null,
          1,
          null,
          1,
          null,
          null,
          null,
          null
        ]
      },
      "/Users/agniwirabuana/Documents/projects/sleepsocial/sleepsocial/spec/models/event/sleep_log_created_spec.rb": {
        "lines": [
          1,
          null,
          1,
          5,
          5,
          5,
          null,
          1,
          1,
          1,
          null,
          null,
          1,
          1,
          null,
          null,
          1,
          1,
          null,
          null,
          1,
          null,
          1,
          null,
          null,
          1,
          null,
          null
        ]
      },
      "/Users/agniwirabuana/Documents/projects/sleepsocial/sleepsocial/app/models/event/sleep_log_created.rb": {
        "lines": [
          1,
          1,
          4,
          4,
          null,
          null,
          1,
          1,
          null,
          null,
          1,
          1,
          null,
          null,
          1,
          null,
          1,
          null,
          null,
          null,
          null
        ]
      },
      "/Users/agniwirabuana/Documents/projects/sleepsocial/sleepsocial/spec/models/event/unfollow_spec.rb": {
        "lines": [
          1,
          null,
          1,
          5,
          5,
          5,
          null,
          1,
          1,
          1,
          null,
          null,
          1,
          1,
          null,
          null,
          1,
          1,
          null,
          null,
          1,
          null,
          1,
          null,
          null,
          1,
          null,
          null
        ]
      },
      "/Users/agniwirabuana/Documents/projects/sleepsocial/sleepsocial/app/models/event/unfollow.rb": {
        "lines": [
          1,
          1,
          4,
          4,
          null,
          null,
          1,
          1,
          null,
          null,
          1,
          1,
          null,
          null,
          1,
          null,
          1,
          null,
          null,
          null,
          null
        ]
      },
      "/Users/agniwirabuana/Documents/projects/sleepsocial/sleepsocial/spec/models/follow_spec.rb": {
        "lines": [
          1,
          null,
          1,
          1,
          2,
          2,
          null,
          null,
          1,
          8,
          8,
          null,
          1,
          null,
          7,
          null,
          null,
          1,
          null,
          1,
          1,
          null,
          null,
          1,
          1,
          1,
          1,
          null,
          null,
          1,
          1,
          1,
          1,
          null,
          null,
          1,
          null,
          1,
          2,
          null,
          null,
          1,
          null,
          1,
          1,
          1,
          null,
          null,
          1,
          null,
          1,
          1,
          1,
          null,
          null,
          1,
          1,
          1,
          1,
          null,
          null,
          null
        ]
      },
      "/Users/agniwirabuana/Documents/projects/sleepsocial/sleepsocial/app/models/follow.rb": {
        "lines": [
          1,
          1,
          1,
          null,
          1,
          null,
          1,
          17,
          null,
          null,
          1,
          null,
          1,
          101,
          5,
          null,
          null,
          null
        ]
      },
      "/Users/agniwirabuana/Documents/projects/sleepsocial/sleepsocial/app/models/application_record.rb": {
        "lines": [
          1,
          1,
          null
        ]
      },
      "/Users/agniwirabuana/Documents/projects/sleepsocial/sleepsocial/spec/models/sleep_log_spec.rb": {
        "lines": [
          1,
          null,
          1,
          1,
          2,
          null,
          null,
          1,
          4,
          null,
          1,
          1,
          1,
          null,
          null,
          1,
          1,
          1,
          null,
          null,
          1,
          1,
          1,
          1,
          null,
          null,
          1,
          1,
          1,
          1,
          null,
          null,
          null,
          1,
          3,
          null,
          1,
          1,
          1,
          null,
          null,
          1,
          null,
          1,
          1,
          null,
          null,
          1,
          1,
          null,
          null,
          null
        ]
      },
      "/Users/agniwirabuana/Documents/projects/sleepsocial/sleepsocial/app/models/sleep_log.rb": {
        "lines": [
          1,
          1,
          null,
          1,
          1,
          null,
          1,
          null,
          1,
          112,
          1,
          null,
          null,
          null,
          null,
          1,
          56,
          null,
          55,
          null,
          null
        ]
      },
      "/Users/agniwirabuana/Documents/projects/sleepsocial/sleepsocial/spec/models/user_feed_spec.rb": {
        "lines": [
          1,
          null,
          1,
          null,
          19,
          null,
          19,
          null,
          null,
          null,
          1,
          18,
          null,
          null,
          null,
          null,
          1,
          3,
          null,
          null,
          null,
          null,
          null,
          null,
          1,
          1,
          1,
          null,
          null,
          null,
          1,
          6,
          6,
          6,
          null,
          null,
          6,
          6,
          null,
          1,
          null,
          5,
          null,
          5,
          null,
          5,
          null,
          null,
          null,
          1,
          1,
          1,
          null,
          null,
          1,
          1,
          1,
          null,
          null,
          1,
          1,
          1,
          null,
          null,
          1,
          1,
          1,
          1,
          1,
          1,
          1,
          null,
          null,
          1,
          1,
          null,
          1,
          null,
          null,
          null,
          1,
          3,
          null,
          1,
          null,
          2,
          null,
          null,
          1,
          1,
          1,
          null,
          null,
          1,
          1,
          null,
          null,
          null,
          1,
          2,
          2,
          2,
          null,
          1,
          1,
          1,
          null,
          1,
          null,
          1,
          null,
          null,
          null,
          1,
          2,
          2,
          2,
          null,
          null,
          2,
          2,
          null,
          null,
          2,
          2,
          null,
          1,
          1,
          1,
          null,
          1,
          null,
          null,
          1,
          1,
          1,
          null,
          null,
          null,
          1,
          2,
          4,
          null,
          1,
          1,
          1,
          null,
          null,
          1,
          1,
          1,
          1,
          null,
          null,
          null,
          1,
          1,
          1,
          null,
          null,
          1,
          1,
          1,
          null,
          null,
          null,
          1,
          1,
          1,
          null,
          null,
          1,
          1,
          1,
          null,
          null,
          null,
          null,
          null,
          1,
          5,
          null,
          1,
          4,
          null,
          null,
          1,
          4,
          null,
          null,
          1,
          1,
          1,
          null,
          null,
          null,
          1,
          2,
          null,
          1,
          1,
          1,
          1,
          1,
          1,
          null,
          null,
          null,
          1,
          2,
          null,
          1,
          1,
          null,
          null,
          null,
          1,
          2,
          null,
          1,
          null,
          1,
          null,
          null,
          null,
          1,
          null,
          null,
          null,
          null
        ]
      },
      "/Users/agniwirabuana/Documents/projects/sleepsocial/sleepsocial/app/models/user_feed.rb": {
        "lines": [
          1,
          1,
          null,
          1,
          1,
          null,
          1,
          72,
          72,
          72,
          null,
          null,
          null,
          1,
          18,
          null,
          null,
          1,
          5,
          5,
          11,
          null,
          null,
          1,
          2,
          null,
          null,
          1,
          1,
          null,
          null,
          1,
          4,
          2,
          null,
          1,
          null,
          null,
          1,
          3,
          3,
          null,
          1,
          1,
          null,
          null,
          1,
          null,
          1,
          11,
          null,
          null,
          1,
          7,
          7,
          null,
          7,
          null,
          null,
          1,
          2,
          null,
          null,
          1,
          4,
          null,
          null
        ]
      },
      "/Users/agniwirabuana/Documents/projects/sleepsocial/sleepsocial/spec/models/user_spec.rb": {
        "lines": [
          1,
          null,
          1,
          1,
          null,
          1,
          1,
          null,
          null,
          1,
          1,
          null,
          null,
          null,
          1,
          2,
          2,
          2,
          null,
          null,
          1,
          1,
          1,
          1,
          null,
          null,
          1,
          1,
          1,
          1,
          null,
          null,
          1,
          1,
          1,
          2,
          null,
          null,
          null,
          1,
          1,
          1,
          1,
          null,
          null,
          1,
          1,
          1,
          null,
          null,
          1,
          1,
          1,
          1,
          null,
          null,
          null
        ]
      },
      "/Users/agniwirabuana/Documents/projects/sleepsocial/sleepsocial/app/models/user.rb": {
        "lines": [
          1,
          1,
          1,
          null,
          1,
          1,
          null
        ]
      },
      "/Users/agniwirabuana/Documents/projects/sleepsocial/sleepsocial/app/models/concerns/user_relationship.rb": {
        "lines": [
          null,
          null,
          1,
          1,
          null,
          1,
          1,
          1,
          1,
          1,
          null,
          null
        ]
      },
      "/Users/agniwirabuana/Documents/projects/sleepsocial/sleepsocial/spec/requests/follows_controller_spec.rb": {
        "lines": [
          1,
          null,
          1,
          1,
          10,
          null,
          null,
          15,
          null,
          1,
          14,
          14,
          null,
          null,
          1,
          8,
          8,
          null,
          8,
          8,
          null,
          1,
          1,
          2,
          2,
          null,
          null,
          1,
          1,
          1,
          null,
          null,
          1,
          1,
          3,
          1,
          null,
          null,
          null,
          1,
          3,
          null,
          1,
          1,
          1,
          null,
          null,
          1,
          1,
          2,
          1,
          null,
          null,
          null,
          1,
          3,
          3,
          null,
          3,
          null,
          1,
          1,
          1,
          null,
          null,
          1,
          1,
          2,
          1,
          null,
          null,
          null,
          1,
          1,
          6,
          null,
          null,
          1,
          1,
          null,
          null,
          1,
          1,
          null,
          1,
          1,
          null,
          null,
          null,
          null,
          1,
          3,
          null,
          3,
          null,
          1,
          1,
          null,
          null,
          1,
          1,
          null,
          null,
          null,
          1,
          3,
          3,
          3,
          null,
          1,
          2,
          null,
          null,
          1,
          1,
          1,
          1,
          1,
          null,
          null,
          null,
          1,
          1,
          1,
          1,
          null,
          null,
          1,
          1,
          1,
          null,
          null,
          null,
          null,
          1,
          4,
          4,
          null,
          1,
          3,
          null,
          null,
          1,
          1,
          1,
          1,
          null,
          null,
          1,
          1,
          1,
          1,
          1,
          null,
          null,
          null,
          1,
          1,
          1,
          1,
          null,
          null,
          1,
          1,
          1,
          null,
          null,
          null,
          null
        ]
      },
      "/Users/agniwirabuana/Documents/projects/sleepsocial/sleepsocial/spec/requests/leaderboards_controller_spec.rb": {
        "lines": [
          1,
          null,
          1,
          1,
          8,
          null,
          null,
          7,
          null,
          1,
          7,
          1,
          null,
          6,
          null,
          null,
          null,
          1,
          null,
          6,
          null,
          null,
          null,
          null,
          null,
          1,
          6,
          6,
          null,
          null,
          1,
          5,
          null,
          5,
          null,
          1,
          1,
          1,
          null,
          null,
          1,
          1,
          1,
          null,
          null,
          1,
          1,
          1,
          1,
          1,
          null,
          null,
          1,
          1,
          1,
          null,
          null,
          null,
          1,
          3,
          1,
          null,
          2,
          null,
          null,
          null,
          null,
          null,
          1,
          2,
          2,
          null,
          null,
          1,
          1,
          1,
          null,
          null,
          1,
          1,
          1,
          1,
          null,
          null,
          null,
          null
        ]
      },
      "/Users/agniwirabuana/Documents/projects/sleepsocial/sleepsocial/spec/requests/sleep_logs_controller_spec.rb": {
        "lines": [
          1,
          null,
          1,
          null,
          1,
          9,
          null,
          null,
          15,
          null,
          1,
          14,
          14,
          null,
          null,
          1,
          7,
          7,
          7,
          7,
          7,
          7,
          7,
          null,
          1,
          1,
          2,
          2,
          null,
          null,
          1,
          1,
          1,
          null,
          null,
          1,
          1,
          6,
          1,
          null,
          null,
          null,
          1,
          3,
          null,
          1,
          1,
          null,
          null,
          1,
          3,
          1,
          null,
          null,
          null,
          1,
          3,
          null,
          1,
          1,
          null,
          null,
          1,
          2,
          1,
          null,
          null,
          null,
          null,
          1,
          3,
          null,
          3,
          null,
          1,
          1,
          1,
          null,
          null,
          1,
          1,
          1,
          1,
          null,
          null,
          null,
          1,
          4,
          4,
          4,
          4,
          null,
          1,
          null,
          3,
          null,
          null,
          1,
          1,
          1,
          1,
          null,
          null,
          1,
          1,
          1,
          1,
          null,
          null,
          null,
          1,
          1,
          1,
          1,
          null,
          null,
          1,
          1,
          1,
          null,
          null,
          null,
          null,
          1,
          4,
          4,
          4,
          null,
          1,
          1,
          2,
          2,
          2,
          null,
          null,
          1,
          1,
          null,
          null,
          1,
          1,
          1,
          1,
          1,
          1,
          null,
          null,
          null,
          1,
          1,
          1,
          1,
          null,
          null,
          1,
          1,
          1,
          null,
          null,
          null,
          null
        ]
      },
      "/Users/agniwirabuana/Documents/projects/sleepsocial/sleepsocial/spec/requests/users_controller_spec.rb": {
        "lines": [
          1,
          null,
          1,
          1,
          26,
          null,
          null,
          1,
          5,
          5,
          5,
          5,
          5,
          null,
          1,
          3,
          null,
          1,
          1,
          1,
          null,
          null,
          1,
          1,
          6,
          1,
          null,
          null,
          null,
          1,
          3,
          null,
          1,
          1,
          null,
          null,
          1,
          1,
          null,
          null,
          null,
          null,
          1,
          4,
          null,
          1,
          3,
          null,
          1,
          1,
          1,
          null,
          null,
          1,
          1,
          1,
          1,
          null,
          null,
          null,
          1,
          1,
          1,
          1,
          null,
          null,
          1,
          1,
          null,
          null,
          null,
          null,
          1,
          1,
          4,
          null,
          1,
          1,
          1,
          null,
          null,
          null,
          1,
          1,
          1,
          null,
          null,
          1,
          1,
          1,
          1,
          1,
          null,
          null,
          null,
          1,
          4,
          null,
          1,
          1,
          1,
          null,
          null,
          null,
          1,
          1,
          1,
          null,
          null,
          1,
          1,
          1,
          null,
          null,
          null,
          1,
          2,
          null,
          1,
          1,
          1,
          null,
          null,
          1,
          1,
          null,
          null,
          null,
          1,
          2,
          null,
          1,
          1,
          1,
          null,
          null,
          1,
          1,
          1,
          null,
          null,
          null,
          null,
          1,
          6,
          6,
          6,
          6,
          6,
          null,
          1,
          1,
          3,
          null,
          null,
          1,
          1,
          1,
          null,
          null,
          1,
          1,
          1,
          1,
          1,
          null,
          null,
          1,
          1,
          1,
          null,
          null,
          null,
          1,
          3,
          null,
          1,
          2,
          null,
          null,
          1,
          1,
          null,
          null,
          1,
          1,
          1,
          null,
          null,
          null,
          null,
          1,
          6,
          6,
          6,
          6,
          6,
          null,
          1,
          1,
          3,
          null,
          null,
          1,
          1,
          1,
          null,
          null,
          1,
          1,
          1,
          1,
          1,
          null,
          null,
          1,
          1,
          1,
          null,
          null,
          null,
          1,
          3,
          null,
          1,
          2,
          null,
          null,
          1,
          1,
          1,
          null,
          null,
          1,
          1,
          1,
          null,
          null,
          null,
          null
        ]
      },
      "/Users/agniwirabuana/Documents/projects/sleepsocial/sleepsocial/spec/services/follow_service/follow_spec.rb": {
        "lines": [
          null,
          null,
          1,
          null,
          1,
          16,
          16,
          7,
          null,
          16,
          null,
          1,
          15,
          null,
          null,
          null,
          null,
          15,
          15,
          15,
          null,
          null,
          1,
          1,
          1,
          2,
          null,
          null,
          1,
          4,
          null,
          null,
          1,
          4,
          null,
          null,
          1,
          1,
          null,
          1,
          null,
          null,
          null,
          null,
          null,
          null,
          1,
          1,
          null,
          1,
          1,
          1,
          1,
          null,
          null,
          1,
          1,
          null,
          1,
          1,
          null,
          2,
          null,
          1,
          1,
          1,
          null,
          null,
          null,
          1,
          6,
          null,
          1,
          2,
          null,
          null,
          1,
          2,
          null,
          null,
          1,
          4,
          null,
          null,
          1,
          4,
          null,
          null,
          1,
          1,
          1,
          null,
          null,
          null,
          1,
          5,
          null,
          1,
          2,
          null,
          null,
          1,
          2,
          null,
          null,
          1,
          4,
          4,
          null,
          null,
          1,
          1,
          1,
          null,
          null,
          null,
          null
        ]
      },
      "/Users/agniwirabuana/Documents/projects/sleepsocial/sleepsocial/app/services/follow_service.rb": {
        "lines": [
          1,
          1,
          null,
          1,
          null,
          1,
          1,
          null
        ]
      },
      "/Users/agniwirabuana/Documents/projects/sleepsocial/sleepsocial/app/services/base_service.rb": {
        "lines": [
          null,
          null,
          1,
          1,
          null,
          1,
          0,
          null,
          null
        ]
      },
      "/Users/agniwirabuana/Documents/projects/sleepsocial/sleepsocial/app/services/follow_service/follow.rb": {
        "lines": [
          1,
          1,
          1,
          15,
          15,
          null,
          null,
          1,
          16,
          null,
          11,
          null,
          6,
          6,
          6,
          null,
          6,
          6,
          6,
          5,
          null,
          null,
          5,
          5,
          null,
          5,
          null,
          null,
          1,
          null,
          1,
          16,
          null,
          null,
          null
        ]
      },
      "/Users/agniwirabuana/Documents/projects/sleepsocial/sleepsocial/spec/services/follow_service/unfollow_spec.rb": {
        "lines": [
          null,
          null,
          1,
          null,
          1,
          null,
          null,
          7,
          11,
          7,
          12,
          null,
          null,
          16,
          null,
          null,
          1,
          null,
          15,
          null,
          null,
          null,
          15,
          null,
          null,
          15,
          15,
          null,
          null,
          1,
          1,
          1,
          null,
          2,
          null,
          null,
          1,
          null,
          4,
          null,
          null,
          1,
          null,
          4,
          null,
          null,
          1,
          1,
          null,
          null,
          1,
          null,
          null,
          null,
          null,
          null,
          null,
          1,
          null,
          null,
          null,
          null,
          2,
          null,
          null,
          1,
          null,
          null,
          1,
          null,
          1,
          1,
          null,
          null,
          2,
          null,
          1,
          1,
          1,
          null,
          null,
          null,
          1,
          null,
          6,
          6,
          6,
          null,
          1,
          null,
          2,
          null,
          null,
          1,
          2,
          null,
          null,
          1,
          4,
          null,
          null,
          1,
          4,
          null,
          null,
          1,
          1,
          1,
          null,
          null,
          null,
          1,
          null,
          5,
          null,
          5,
          5,
          null,
          1,
          null,
          null,
          null,
          null,
          null,
          null,
          null,
          1,
          2,
          null,
          null,
          1,
          2,
          null,
          null,
          1,
          4,
          null,
          null,
          null,
          null,
          1,
          1,
          1,
          null,
          null,
          null,
          null
        ]
      },
      "/Users/agniwirabuana/Documents/projects/sleepsocial/sleepsocial/app/services/follow_service/unfollow.rb": {
        "lines": [
          1,
          1,
          1,
          15,
          15,
          null,
          null,
          1,
          15,
          15,
          null,
          6,
          null,
          6,
          6,
          6,
          5,
          null,
          null,
          5,
          5,
          null,
          null,
          null
        ]
      },
      "/Users/agniwirabuana/Documents/projects/sleepsocial/sleepsocial/spec/services/leaderboard_service/backfill_feed_by_following_spec.rb": {
        "lines": [
          1,
          1,
          null,
          1,
          14,
          14,
          14,
          null,
          null,
          14,
          14,
          null,
          null,
          14,
          null,
          null,
          14,
          null,
          1,
          null,
          13,
          null,
          null,
          13,
          null,
          13,
          null,
          null,
          1,
          13,
          null,
          null,
          1,
          1,
          1,
          null,
          8,
          null,
          null,
          1,
          1,
          1,
          null,
          null,
          1,
          1,
          null,
          null,
          1,
          null,
          1,
          null,
          null,
          1,
          1,
          null,
          1,
          null,
          null,
          1,
          1,
          1,
          null,
          null,
          1,
          2,
          null,
          1,
          null,
          1,
          null,
          null,
          1,
          1,
          null,
          1,
          null,
          null,
          null,
          null,
          null,
          null,
          null,
          1,
          1,
          null,
          3,
          null,
          null,
          1,
          1,
          1,
          null,
          null,
          1,
          1,
          1,
          null,
          null,
          1,
          1,
          null,
          1,
          null,
          null,
          null,
          null,
          1,
          1,
          null,
          5,
          null,
          null,
          1,
          1,
          1,
          1,
          null,
          null,
          1,
          null,
          1,
          null,
          1,
          null,
          null,
          1,
          1,
          1,
          null,
          null,
          1,
          1,
          1,
          null,
          null,
          1,
          1,
          null,
          null,
          null,
          null
        ]
      },
      "/Users/agniwirabuana/Documents/projects/sleepsocial/sleepsocial/app/services/leaderboard_service.rb": {
        "lines": [
          1,
          1,
          null,
          1,
          null,
          1,
          1,
          1,
          1,
          1,
          null
        ]
      },
      "/Users/agniwirabuana/Documents/projects/sleepsocial/sleepsocial/app/services/leaderboard_service/backfill_feed_by_following.rb": {
        "lines": [
          1,
          1,
          1,
          13,
          null,
          null,
          1,
          13,
          null,
          8,
          null,
          8,
          7,
          7,
          7,
          7,
          null,
          null,
          null,
          null,
          null,
          1,
          null,
          1,
          13,
          null,
          null,
          null
        ]
      },
      "/Users/agniwirabuana/Documents/projects/sleepsocial/sleepsocial/spec/services/leaderboard_service/backfill_feed_by_user_spec.rb": {
        "lines": [
          1,
          1,
          null,
          1,
          11,
          11,
          11,
          null,
          null,
          11,
          null,
          11,
          11,
          null,
          1,
          10,
          null,
          null,
          10,
          10,
          null,
          null,
          10,
          null,
          null,
          10,
          null,
          null,
          null,
          null,
          10,
          10,
          null,
          null,
          10,
          10,
          10,
          null,
          null,
          1,
          10,
          null,
          null,
          1,
          1,
          null,
          6,
          6,
          6,
          6,
          null,
          1,
          null,
          null,
          5,
          null,
          null,
          5,
          20,
          null,
          null,
          null,
          5,
          null,
          null,
          null,
          1,
          1,
          null,
          1,
          1,
          null,
          1,
          null,
          null,
          1,
          1,
          null,
          1,
          1,
          null,
          null,
          1,
          1,
          null,
          1,
          null,
          null,
          1,
          1,
          null,
          1,
          null,
          null,
          1,
          1,
          1,
          null,
          null,
          null,
          1,
          1,
          4,
          null,
          null,
          1,
          1,
          1,
          null,
          null,
          1,
          1,
          1,
          null,
          null,
          1,
          1,
          1,
          null,
          null,
          1,
          1,
          null,
          null,
          null,
          1,
          1,
          1,
          null,
          null,
          1,
          1,
          1,
          null,
          null,
          null,
          null
        ]
      },
      "/Users/agniwirabuana/Documents/projects/sleepsocial/sleepsocial/app/services/leaderboard_service/backfill_feed_by_user.rb": {
        "lines": [
          1,
          1,
          1,
          10,
          10,
          null,
          null,
          1,
          null,
          10,
          10,
          null,
          6,
          null,
          6,
          6,
          null,
          15,
          null,
          10,
          null,
          null,
          null,
          null,
          null
        ]
      },
      "/Users/agniwirabuana/Documents/projects/sleepsocial/sleepsocial/app/services/leaderboard_service/base.rb": {
        "lines": [
          1,
          1,
          1,
          0,
          null,
          null,
          null
        ]
      },
      "/Users/agniwirabuana/Documents/projects/sleepsocial/sleepsocial/spec/services/leaderboard_service/insert_log_to_feed_spec.rb": {
        "lines": [
          null,
          null,
          1,
          null,
          1,
          13,
          13,
          7,
          null,
          13,
          null,
          13,
          null,
          1,
          12,
          null,
          12,
          12,
          null,
          12,
          null,
          null,
          1,
          1,
          1,
          1,
          1,
          null,
          null,
          1,
          1,
          1,
          null,
          null,
          1,
          1,
          null,
          null,
          null,
          1,
          4,
          null,
          1,
          1,
          1,
          null,
          null,
          1,
          1,
          1,
          null,
          null,
          1,
          1,
          null,
          null,
          null,
          1,
          1,
          null,
          3,
          null,
          null,
          1,
          1,
          1,
          null,
          null,
          1,
          1,
          1,
          null,
          null,
          1,
          1,
          null,
          null,
          null,
          1,
          4,
          null,
          1,
          null,
          3,
          null,
          null,
          1,
          1,
          1,
          null,
          null,
          1,
          1,
          1,
          null,
          null,
          1,
          1,
          null,
          null,
          null,
          null
        ]
      },
      "/Users/agniwirabuana/Documents/projects/sleepsocial/sleepsocial/app/services/leaderboard_service/insert_log_to_feed.rb": {
        "lines": [
          1,
          1,
          1,
          12,
          12,
          null,
          null,
          1,
          null,
          12,
          null,
          null,
          6,
          6,
          null,
          3,
          3,
          null,
          null,
          1,
          null,
          1,
          6,
          null,
          null,
          null
        ]
      },
      "/Users/agniwirabuana/Documents/projects/sleepsocial/sleepsocial/spec/services/leaderboard_service/precomputed_feed_spec.rb": {
        "lines": [
          1,
          1,
          null,
          1,
          13,
          13,
          11,
          null,
          13,
          null,
          null,
          13,
          null,
          13,
          null,
          1,
          null,
          12,
          null,
          null,
          12,
          null,
          12,
          12,
          null,
          12,
          12,
          null,
          null,
          1,
          12,
          null,
          null,
          1,
          13,
          13,
          13,
          13,
          null,
          1,
          null,
          9,
          null,
          null,
          null,
          null,
          1,
          null,
          9,
          null,
          null,
          null,
          null,
          1,
          null,
          null,
          null,
          12,
          null,
          null,
          null,
          12,
          null,
          null,
          null,
          1,
          1,
          1,
          null,
          1,
          null,
          null,
          1,
          1,
          null,
          null,
          1,
          null,
          null,
          1,
          1,
          null,
          1,
          null,
          null,
          1,
          1,
          null,
          null,
          1,
          null,
          null,
          1,
          1,
          1,
          1,
          null,
          null,
          1,
          1,
          null,
          2,
          null,
          null,
          null,
          null,
          1,
          2,
          null,
          null,
          1,
          1,
          1,
          null,
          null,
          1,
          1,
          1,
          null,
          null,
          null,
          1,
          null,
          1,
          null,
          1,
          null,
          null,
          null,
          null,
          1,
          1,
          null,
          null,
          null,
          1,
          1,
          1,
          1,
          null,
          null,
          null,
          1,
          1,
          1,
          1,
          null,
          null,
          1,
          1,
          1,
          null,
          null,
          null,
          null,
          1,
          3,
          null,
          null,
          1,
          null,
          null,
          2,
          2,
          null,
          null,
          null,
          1,
          1,
          1,
          null,
          null,
          1,
          1,
          null,
          null,
          1,
          1,
          1,
          null,
          null,
          null,
          1,
          1,
          null,
          1,
          null,
          null,
          null,
          1,
          1,
          1,
          null,
          null,
          null,
          null
        ]
      },
      "/Users/agniwirabuana/Documents/projects/sleepsocial/sleepsocial/app/services/leaderboard_service/precomputed_feed.rb": {
        "lines": [
          1,
          1,
          1,
          null,
          1,
          12,
          12,
          12,
          null,
          null,
          1,
          12,
          null,
          null,
          12,
          null,
          null,
          12,
          12,
          null,
          12,
          null,
          31,
          null,
          null,
          null,
          null,
          null,
          1,
          null,
          1,
          12,
          36,
          null,
          null,
          12,
          null,
          12,
          null,
          null,
          1,
          29,
          48,
          null,
          31,
          null,
          null,
          null
        ]
      },
      "/Users/agniwirabuana/Documents/projects/sleepsocial/sleepsocial/spec/services/leaderboard_service/remove_user_from_feed_spec.rb": {
        "lines": [
          null,
          null,
          1,
          1,
          null,
          1,
          8,
          8,
          8,
          null,
          8,
          null,
          8,
          null,
          8,
          8,
          8,
          null,
          1,
          7,
          null,
          7,
          7,
          7,
          7,
          null,
          null,
          1,
          7,
          null,
          null,
          1,
          1,
          1,
          1,
          1,
          null,
          null,
          1,
          1,
          1,
          null,
          null,
          1,
          1,
          1,
          null,
          null,
          1,
          1,
          1,
          null,
          null,
          null,
          1,
          1,
          1,
          null,
          null,
          1,
          1,
          1,
          null,
          null,
          null,
          null,
          1,
          4,
          null,
          1,
          3,
          null,
          null,
          1,
          1,
          1,
          null,
          null,
          1,
          1,
          1,
          null,
          null,
          1,
          1,
          null,
          null,
          null,
          null
        ]
      },
      "/Users/agniwirabuana/Documents/projects/sleepsocial/sleepsocial/app/services/leaderboard_service/remove_user_from_feed.rb": {
        "lines": [
          1,
          1,
          1,
          7,
          7,
          null,
          null,
          1,
          null,
          7,
          7,
          null,
          4,
          null,
          4,
          11,
          null,
          4,
          null,
          null,
          null
        ]
      },
      "/Users/agniwirabuana/Documents/projects/sleepsocial/sleepsocial/spec/services/sleep_log_service/clock_out_spec.rb": {
        "lines": [
          1,
          1,
          null,
          1,
          15,
          9,
          null,
          12,
          15,
          null,
          1,
          14,
          null,
          14,
          null,
          14,
          null,
          null,
          null,
          14,
          14,
          null,
          null,
          null,
          1,
          14,
          null,
          null,
          1,
          1,
          1,
          1,
          1,
          null,
          null,
          1,
          2,
          1,
          null,
          null,
          1,
          1,
          null,
          1,
          null,
          null,
          null,
          null,
          null,
          null,
          1,
          1,
          1,
          1,
          null,
          null,
          1,
          1,
          null,
          1,
          null,
          2,
          null,
          1,
          1,
          null,
          null,
          null,
          1,
          1,
          4,
          4,
          null,
          1,
          2,
          null,
          null,
          1,
          1,
          4,
          1,
          null,
          null,
          1,
          1,
          1,
          null,
          null,
          null,
          1,
          4,
          null,
          1,
          2,
          null,
          null,
          1,
          1,
          4,
          1,
          null,
          null,
          1,
          1,
          1,
          null,
          null,
          null,
          1,
          4,
          null,
          1,
          2,
          null,
          null,
          1,
          1,
          4,
          1,
          null,
          null,
          1,
          1,
          1,
          null,
          null,
          null,
          null,
          null
        ]
      },
      "/Users/agniwirabuana/Documents/projects/sleepsocial/sleepsocial/app/services/sleep_log_service.rb": {
        "lines": [
          1,
          1,
          null,
          1,
          null,
          1,
          1,
          null
        ]
      },
      "/Users/agniwirabuana/Documents/projects/sleepsocial/sleepsocial/app/services/sleep_log_service/clock_out.rb": {
        "lines": [
          1,
          1,
          1,
          14,
          14,
          14,
          null,
          null,
          1,
          14,
          null,
          5,
          5,
          null,
          5,
          5,
          null,
          null,
          4,
          null,
          4,
          null,
          null,
          1,
          null,
          1,
          14,
          11,
          null,
          8,
          8,
          null,
          null,
          1,
          4,
          4,
          null,
          null,
          null
        ]
      },
      "/Users/agniwirabuana/Documents/projects/sleepsocial/sleepsocial/app/services/sleep_log_service/base.rb": {
        "lines": [
          1,
          1,
          1,
          0,
          null,
          null,
          null
        ]
      },
      "/Users/agniwirabuana/Documents/projects/sleepsocial/sleepsocial/spec/services/sleep_log_service/create_log_spec.rb": {
        "lines": [
          null,
          null,
          1,
          1,
          null,
          1,
          27,
          27,
          null,
          1,
          null,
          9,
          null,
          null,
          null,
          null,
          27,
          null,
          1,
          26,
          26,
          null,
          26,
          null,
          null,
          null,
          26,
          26,
          26,
          null,
          null,
          1,
          26,
          null,
          null,
          1,
          1,
          1,
          1,
          2,
          null,
          null,
          1,
          1,
          1,
          1,
          1,
          1,
          null,
          null,
          1,
          1,
          1,
          null,
          null,
          null,
          null,
          null,
          null,
          1,
          1,
          1,
          1,
          1,
          null,
          null,
          null,
          1,
          1,
          null,
          3,
          null,
          null,
          null,
          null,
          1,
          2,
          1,
          1,
          1,
          1,
          null,
          null,
          1,
          1,
          1,
          null,
          null,
          1,
          1,
          1,
          1,
          null,
          null,
          null,
          1,
          1,
          1,
          null,
          null,
          null,
          null,
          null,
          1,
          2,
          1,
          1,
          1,
          1,
          null,
          null,
          null,
          null,
          1,
          1,
          4,
          null,
          1,
          2,
          null,
          null,
          1,
          2,
          null,
          null,
          1,
          1,
          1,
          null,
          null,
          null,
          1,
          null,
          null,
          null,
          null,
          null,
          null,
          1,
          8,
          null,
          null,
          null,
          null,
          1,
          1,
          null,
          1,
          null,
          null,
          null,
          null,
          1,
          2,
          null,
          null,
          null,
          1,
          1,
          null,
          1,
          null,
          null,
          null,
          null,
          1,
          2,
          null,
          null,
          null,
          1,
          1,
          null,
          1,
          null,
          null,
          null,
          null,
          1,
          2,
          null,
          null,
          null,
          1,
          1,
          null,
          1,
          null,
          null,
          null,
          null,
          1,
          2,
          null,
          null,
          null,
          1,
          1,
          null,
          1,
          null,
          null,
          null,
          null,
          1,
          null,
          null,
          2,
          null,
          null,
          null,
          1,
          1,
          null,
          1,
          null,
          null,
          null,
          null,
          1,
          2,
          null,
          null,
          null,
          1,
          2,
          null,
          null,
          1,
          1,
          1,
          null,
          null,
          null,
          1,
          1,
          null,
          3,
          null,
          null,
          null,
          null,
          1,
          2,
          null,
          null,
          1,
          2,
          null,
          null,
          1,
          1,
          1,
          null,
          null,
          null,
          1,
          1,
          null,
          3,
          null,
          null,
          null,
          null,
          1,
          2,
          null,
          null,
          1,
          2,
          null,
          null,
          1,
          1,
          1,
          null,
          null,
          null,
          null,
          1,
          1,
          null,
          1,
          null,
          null,
          null,
          null,
          1,
          1,
          2,
          null,
          1,
          1,
          null,
          null,
          null,
          null
        ]
      },
      "/Users/agniwirabuana/Documents/projects/sleepsocial/sleepsocial/app/services/sleep_log_service/create_log.rb": {
        "lines": [
          1,
          1,
          1,
          26,
          26,
          26,
          null,
          null,
          1,
          26,
          null,
          20,
          null,
          20,
          20,
          20,
          null,
          17,
          17,
          17,
          17,
          null,
          9,
          9,
          9,
          9,
          null,
          8,
          null,
          null,
          null,
          8,
          null,
          8,
          null,
          null,
          1,
          null,
          1,
          26,
          26,
          23,
          null,
          null,
          1,
          4,
          4,
          null,
          null,
          null
        ]
      },
      "/Users/agniwirabuana/Documents/projects/sleepsocial/sleepsocial/app/controllers/application_controller.rb": {
        "lines": [
          1,
          1,
          null,
          1,
          37,
          null,
          31,
          null,
          31,
          6,
          null,
          25,
          null,
          null,
          null,
          1,
          6,
          null,
          null,
          1,
          47,
          33,
          null,
          33,
          null,
          14,
          14,
          null,
          14,
          null,
          null,
          null,
          1,
          2,
          2,
          null,
          2,
          null,
          null,
          1,
          0,
          null,
          null,
          1,
          27,
          27,
          null,
          27,
          27,
          27,
          null,
          null
        ]
      },
      "/Users/agniwirabuana/Documents/projects/sleepsocial/sleepsocial/app/controllers/concerns/error_handling.rb": {
        "lines": [
          null,
          null,
          1,
          1,
          null,
          1,
          1,
          4,
          null,
          null,
          1,
          1,
          null,
          null,
          1,
          3,
          null,
          null,
          1,
          1,
          null,
          null,
          1,
          1,
          null,
          null,
          1,
          0,
          null,
          null,
          null,
          null,
          null,
          null,
          null
        ]
      },
      "/Users/agniwirabuana/Documents/projects/sleepsocial/sleepsocial/app/controllers/follows_controller.rb": {
        "lines": [
          1,
          1,
          1,
          null,
          null,
          1,
          7,
          2,
          5,
          0,
          5,
          2,
          null,
          3,
          null,
          null,
          7,
          7,
          null,
          7,
          null,
          null,
          null,
          null,
          null,
          null,
          1,
          2,
          null,
          null,
          null,
          1,
          1,
          null,
          1,
          null,
          null,
          null,
          1,
          2,
          null,
          2,
          null,
          null,
          1,
          null,
          null,
          1,
          2,
          null,
          null,
          null,
          1,
          3,
          null,
          null
        ]
      },
      "/Users/agniwirabuana/Documents/projects/sleepsocial/sleepsocial/app/serializers/follow_serializer.rb": {
        "lines": [
          1,
          1,
          1,
          1,
          1,
          null,
          1,
          25,
          null,
          null,
          1,
          25,
          null,
          null
        ]
      },
      "/Users/agniwirabuana/Documents/projects/sleepsocial/sleepsocial/app/serializers/user_serializer.rb": {
        "lines": [
          1,
          1,
          1,
          1,
          1,
          1,
          null
        ]
      },
      "/Users/agniwirabuana/Documents/projects/sleepsocial/sleepsocial/app/controllers/leaderboards_controller.rb": {
        "lines": [
          1,
          1,
          null,
          null,
          1,
          6,
          null,
          6,
          null,
          null
        ]
      },
      "/Users/agniwirabuana/Documents/projects/sleepsocial/sleepsocial/app/serializers/sleep_log_serializer.rb": {
        "lines": [
          1,
          1,
          1,
          1,
          1,
          1,
          1,
          1,
          null,
          1,
          34,
          null,
          null,
          1,
          34,
          null,
          null
        ]
      },
      "/Users/agniwirabuana/Documents/projects/sleepsocial/sleepsocial/app/controllers/sleep_logs_controller.rb": {
        "lines": [
          1,
          1,
          1,
          null,
          null,
          1,
          6,
          2,
          4,
          2,
          null,
          2,
          null,
          null,
          6,
          6,
          null,
          6,
          null,
          null,
          null,
          null,
          null,
          null,
          1,
          2,
          null,
          null,
          null,
          1,
          2,
          2,
          null,
          null,
          null,
          1,
          2,
          2,
          null,
          null,
          1,
          null,
          null,
          1,
          5,
          null,
          null
        ]
      },
      "/Users/agniwirabuana/Documents/projects/sleepsocial/sleepsocial/app/controllers/users_controller.rb": {
        "lines": [
          1,
          1,
          null,
          null,
          1,
          4,
          4,
          null,
          4,
          null,
          null,
          null,
          null,
          null,
          null,
          1,
          2,
          null,
          null,
          null,
          1,
          8,
          8,
          null,
          3,
          null,
          null,
          null,
          1,
          null,
          5,
          5,
          null,
          5,
          null,
          null,
          null,
          null,
          null,
          null,
          1,
          null,
          5,
          5,
          null,
          5,
          null,
          null,
          null,
          null,
          null,
          1,
          null,
          null,
          1,
          13,
          null,
          null,
          null,
          1,
          8,
          null,
          null
        ]
      }
    },
    "timestamp": 1751011804
  }
}
